0 info it worked if it ends with ok
1 verbose cli [ '/usr/local/Cellar/node/5.0.0/bin/node',
1 verbose cli   '/usr/local/bin/npm',
1 verbose cli   'publish' ]
2 info using npm@3.4.0
3 info using node@v5.0.0
4 verbose publish [ '.' ]
5 silly cache add args [ '.', null ]
6 verbose cache add spec .
7 silly cache add parsed spec Result {
7 silly cache add   raw: '.',
7 silly cache add   scope: null,
7 silly cache add   name: null,
7 silly cache add   rawSpec: '.',
7 silly cache add   spec: '/Users/UCAIR/packages/npm-versions/+FftTools',
7 silly cache add   type: 'directory' }
8 verbose addLocalDirectory /Users/UCAIR/.npm/fft-tools/1.0.0/package.tgz not in flight; packing
9 info lifecycle fft-tools@1.0.0~prepublish: fft-tools@1.0.0
10 silly lifecycle fft-tools@1.0.0~prepublish: no script for prepublish, continuing
11 verbose tar pack [ '/Users/UCAIR/.npm/fft-tools/1.0.0/package.tgz',
11 verbose tar pack   '/Users/UCAIR/packages/npm-versions/+FftTools' ]
12 verbose tarball /Users/UCAIR/.npm/fft-tools/1.0.0/package.tgz
13 verbose folder /Users/UCAIR/packages/npm-versions/+FftTools
14 verbose addLocalTarball adding from inside cache /Users/UCAIR/.npm/fft-tools/1.0.0/package.tgz
15 silly cache afterAdd fft-tools@1.0.0
16 verbose afterAdd /Users/UCAIR/.npm/fft-tools/1.0.0/package/package.json not in flight; writing
17 verbose afterAdd /Users/UCAIR/.npm/fft-tools/1.0.0/package/package.json written
18 silly publish { name: 'fft-tools',
18 silly publish   version: '1.0.0',
18 silly publish   description: 'Matlab package for iterative image reconstruction',
18 silly publish   scripts: { postinstall: 'node scripts/rename.js' },
18 silly publish   repository:
18 silly publish    { type: 'git',
18 silly publish      url: 'git+https://github.com/edibella/fft-tools.git' },
18 silly publish   keywords: [ 'matlab', 'package', 'fourier', 'transform', 'tools' ],
18 silly publish   author: { name: 'KC Erb', email: 'iamkcerb@gmail.com' },
18 silly publish   license: 'MIT',
18 silly publish   bugs: { url: 'https://github.com/edibella/fft-tools/issues' },
18 silly publish   homepage: 'https://github.com/edibella/fft-tools#readme',
18 silly publish   dependencies: { 'matlab-spec': '^1.1.0' },
18 silly publish   readme: '# The FftTools Package\n\n## Introduction\n\nThis package adds functions and classes that support a variety of Fast Fourier Transform alternatives which have proven useful in a medical image processing workflow.\n\n### NPM\n\nThis package uses the node package manager to manage its version control and dependencies. To use this package simply:\n\n1. Install Node: https://nodejs.org/en/\n\n2. Run `npm install fft-tools` at a unix-like terminal.\n\nThis will automatically download the files for this package (and the packages it depends on) into a `node_modules` folder. If you add this folder to your MATLAB path the package `FftTools` will be available.\n\nIt is crucial to note the difference in naming conventions between MATLAB and NPM. The npm package name is `fft-tools` and the MATLAB package name is \'+FftTools\'. If you are new to MATLAB packages please learn more about them here: http://www.mathworks.com/help/matlab/matlab_oop/scoping-classes-with-packages.html.\n\n### Tests\n\nTo make sure this software works as expected, tests have been provided and which can be run by executing `FftTools.test` from a git clone of this repository. These tests *do not* run directly from the npm package because the test data is ignored by the node package manager (see the .npmignore file).\n\nThe idea is to test the code in development, but not drag around all of that test data for production.\n\nThese tests provide a very basic data-in data-out testing and it\'s these example data files that take up the bulk of the size of this repository.\n\nSince all test data is stored in +tests/private, the files in this folder are not version controlled via `git update-index --assume-unchanged` as described here: http://stackoverflow.com/questions/12288212/git-update-index-assume-unchanged-on-directory.\n\nIf you want to contribute to this project please keep tests in mind and do not commit any new data without telling git to "assume-unchanged" to avoid bloating the .git file.\n\n### Docs\n\nIn the `docs/` directory some markdown files are provided explaining how to use each of the functions and classes this package provides.\n',
18 silly publish   readmeFilename: 'README.md',
18 silly publish   gitHead: 'bf4541ba62d3939e96f12be4f0ae2e99dbf518ca',
18 silly publish   _id: 'fft-tools@1.0.0',
18 silly publish   _shasum: '6aabbf6eb9510b9ee4ac0db07190f2d60fbb02f6',
18 silly publish   _from: '.' }
19 verbose getPublishConfig undefined
20 silly mapToRegistry name fft-tools
21 silly mapToRegistry using default registry
22 silly mapToRegistry registry https://registry.npmjs.org/
23 silly mapToRegistry uri https://registry.npmjs.org/fft-tools
24 verbose publish registryBase https://registry.npmjs.org/
25 silly publish uploading /Users/UCAIR/.npm/fft-tools/1.0.0/package.tgz
26 verbose request uri https://registry.npmjs.org/fft-tools
27 verbose request sending authorization for write operation
28 info attempt registry request try #1 at 4:11:22 PM
29 verbose request using bearer token for auth
30 verbose request id e74b6bfd54461ff8
31 http request PUT https://registry.npmjs.org/fft-tools
32 http 403 https://registry.npmjs.org/fft-tools
33 verbose headers { 'content-type': 'application/json',
33 verbose headers   'cache-control': 'max-age=300',
33 verbose headers   'content-length': '128',
33 verbose headers   'accept-ranges': 'bytes',
33 verbose headers   date: 'Tue, 17 May 2016 22:11:22 GMT',
33 verbose headers   via: '1.1 varnish',
33 verbose headers   connection: 'keep-alive',
33 verbose headers   'x-served-by': 'cache-sjc3128-SJC',
33 verbose headers   'x-cache': 'MISS',
33 verbose headers   'x-cache-hits': '0',
33 verbose headers   'x-timer': 'S1463523082.508245,VS0,VE136',
33 verbose headers   vary: 'Accept-Encoding' }
34 verbose request invalidating /Users/UCAIR/.npm/registry.npmjs.org/fft-tools on PUT
35 error publish Failed PUT 403
36 verbose stack Error: "You cannot publish over the previously published version 1.0.0. Try bumping the version to 2.0.0" : fft-tools
36 verbose stack     at makeError (/usr/local/lib/node_modules/npm/node_modules/npm-registry-client/lib/request.js:264:12)
36 verbose stack     at CachingRegistryClient.<anonymous> (/usr/local/lib/node_modules/npm/node_modules/npm-registry-client/lib/request.js:252:14)
36 verbose stack     at Request._callback (/usr/local/lib/node_modules/npm/node_modules/npm-registry-client/lib/request.js:172:14)
36 verbose stack     at Request.self.callback (/usr/local/lib/node_modules/npm/node_modules/request/request.js:198:22)
36 verbose stack     at emitTwo (events.js:87:13)
36 verbose stack     at Request.emit (events.js:172:7)
36 verbose stack     at Request.<anonymous> (/usr/local/lib/node_modules/npm/node_modules/request/request.js:1082:10)
36 verbose stack     at emitOne (events.js:82:20)
36 verbose stack     at Request.emit (events.js:169:7)
36 verbose stack     at IncomingMessage.<anonymous> (/usr/local/lib/node_modules/npm/node_modules/request/request.js:1009:12)
37 verbose statusCode 403
38 verbose pkgid fft-tools
39 verbose cwd /Users/UCAIR/packages/npm-versions/+FftTools
40 error Darwin 15.4.0
41 error argv "/usr/local/Cellar/node/5.0.0/bin/node" "/usr/local/bin/npm" "publish"
42 error node v5.0.0
43 error npm  v3.4.0
44 error code E403
45 error "You cannot publish over the previously published version 1.0.0. Try bumping the version to 2.0.0" : fft-tools
46 error If you need help, you may report this error at:
46 error     <https://github.com/npm/npm/issues>
47 verbose exit [ 1, true ]
